<?xml version="1.0" encoding="UTF-8"?>
<!-- Generated by org.testng.reporters.JUnitXMLReporter -->
<testsuite hostname="DESKTOP-U8KLB9R" name="测试" tests="3" failures="0" timestamp="30 May 2020 11:07:02 GMT" time="0.029" errors="0">
  <testcase name="a" time="0.011" classname="com.lemon.day018.section1.Tester3"/>
  <testcase name="b" time="0.001" classname="com.lemon.day018.section1.Tester3"/>
  <testcase name="c" time="0.001" classname="com.lemon.day018.section1.Tester3"/>
</testsuite> <!-- 测试 -->
