<?xml version="1.0" encoding="UTF-8"?>
<testng-results skipped="0" failed="0" total="1" passed="1">
  <reporter-output>
  </reporter-output>
  <suite name="Suite" duration-ms="4584" started-at="2021-06-24T08:38:10Z" finished-at="2021-06-24T08:38:14Z">
    <groups>
    </groups>
    <test name="打开浏览器测试" duration-ms="4584" started-at="2021-06-24T08:38:10Z" finished-at="2021-06-24T08:38:14Z">
      <class name="com.lemon.day019.section4.Tester">
        <test-method status="PASS" signature="t(java.lang.String, java.lang.String, java.lang.String)[pri:0, instance:com.lemon.day019.section4.Tester@3532ec19]" name="t" duration-ms="4567" started-at="2021-06-24T16:38:10Z" finished-at="2021-06-24T16:38:14Z">
          <params>
            <param index="0">
              <value>
                <![CDATA[IE]]>
              </value>
            </param>
            <param index="1">
              <value>
                <![CDATA[2.x]]>
              </value>
            </param>
            <param index="2">
              <value>
                <![CDATA[src/test/resources/IEDriverServer.exe]]>
              </value>
            </param>
          </params>
          <reporter-output>
          </reporter-output>
        </test-method> <!-- t -->
      </class> <!-- com.lemon.day019.section4.Tester -->
    </test> <!-- 打开浏览器测试 -->
  </suite> <!-- Suite -->
</testng-results>
