<?xml version="1.0" encoding="UTF-8"?>
<testng-results skipped="0" failed="0" total="1" passed="1">
  <reporter-output>
  </reporter-output>
  <suite name="Suite" duration-ms="90112" started-at="2021-07-18T13:23:19Z" finished-at="2021-07-18T13:24:49Z">
    <groups>
    </groups>
    <test name="打开浏览器测试" duration-ms="90112" started-at="2021-07-18T13:23:19Z" finished-at="2021-07-18T13:24:49Z">
      <class name="com.lemon.day021.section2.WebElementAPITester">
        <test-method status="PASS" signature="beforSuite(java.lang.String, java.lang.String, java.lang.String)[pri:0, instance:com.lemon.day021.section2.WebElementAPITester@6f7fd0e6]" name="beforSuite" is-config="true" duration-ms="4846" started-at="2021-07-18T21:23:14Z" finished-at="2021-07-18T21:23:19Z">
          <params>
            <param index="0">
              <value>
                <![CDATA[IE]]>
              </value>
            </param>
            <param index="1">
              <value>
                <![CDATA[2.x]]>
              </value>
            </param>
            <param index="2">
              <value>
                <![CDATA[src/test/resources/IEDriverServer.exe]]>
              </value>
            </param>
          </params>
          <reporter-output>
          </reporter-output>
        </test-method> <!-- beforSuite -->
        <test-method status="PASS" signature="t()[pri:0, instance:com.lemon.day021.section2.WebElementAPITester@6f7fd0e6]" name="t" duration-ms="90103" started-at="2021-07-18T21:23:19Z" finished-at="2021-07-18T21:24:49Z">
          <reporter-output>
          </reporter-output>
        </test-method> <!-- t -->
        <test-method status="PASS" signature="afterSuit()[pri:0, instance:com.lemon.day021.section2.WebElementAPITester@6f7fd0e6]" name="afterSuit" is-config="true" duration-ms="5900" started-at="2021-07-18T21:24:49Z" finished-at="2021-07-18T21:24:55Z">
          <reporter-output>
          </reporter-output>
        </test-method> <!-- afterSuit -->
      </class> <!-- com.lemon.day021.section2.WebElementAPITester -->
    </test> <!-- 打开浏览器测试 -->
  </suite> <!-- Suite -->
</testng-results>
